/*
 * Licensed to the Apache Software Foundation (ASF) under one
 * or more contributor license agreements.  See the NOTICE file
 * distributed with this work for additional information
 * regarding copyright ownership.  The ASF licenses this file
 * to you under the Apache License, Version 2.0 (the
 * "License"); you may not use this file except in compliance
 * with the License.  You may obtain a copy of the License at
 *
 *     http://www.apache.org/licenses/LICENSE-2.0
 *
 * Unless required by applicable law or agreed to in writing, software
 * distributed under the License is distributed on an "AS IS" BASIS,
 * WITHOUT WARRANTIES OR CONDITIONS OF ANY KIND, either express or implied.
 * See the License for the specific language governing permissions and
 * limitations under the License.
 */

org.apache.flink:flink-sql-connector-hive-1.2.2-bd129_2.11:jar:1.11-byted-SNAPSHOT
+- org.apache.flink:flink-connector-hive_2.11:jar:1.11-byted-SNAPSHOT:compile
|  +- org.apache.flink:flink-shaded-jackson:jar:2.10.1-11.0-byted-SNAPSHOT:compile
|  \- org.byted.security:zti-jwt-helper-java:jar:1.0.10:compile
+- org.apache.hive:hive-exec:jar:1.2.2-bd129:compile
|  +- org.apache.hive:hive-ant:jar:1.2.2-bd129:compile
|  |  \- org.apache.velocity:velocity:jar:1.5:compile
|  |     +- commons-collections:commons-collections:jar:3.2.2:compile
|  |     \- oro:oro:jar:2.0.8:compile
|  +- org.apache.hive:hive-shims:jar:1.2.2-bd129:compile
|  |  +- org.apache.hive.shims:hive-shims-common:jar:1.2.2-bd129:compile
|  |  +- org.apache.hive.shims:hive-shims-0.20S:jar:1.2.2-bd129:runtime
|  |  +- org.apache.hive.shims:hive-shims-0.23:jar:1.2.2-bd129:runtime
|  |  |  \- org.apache.hadoop:hadoop-yarn-server-resourcemanager:jar:2.6.0-cdh5.4.4-bd1:runtime
|  |  |     +- org.apache.hadoop:hadoop-annotations:jar:2.6.0-cdh5.4.4-bd1:runtime
|  |  |     +- com.google.inject.extensions:guice-servlet:jar:3.0:runtime
|  |  |     +- com.google.inject:guice:jar:3.0:runtime
|  |  |     |  +- javax.inject:javax.inject:jar:1:runtime
|  |  |     |  \- aopalliance:aopalliance:jar:1.0:runtime
|  |  |     +- com.sun.jersey:jersey-json:jar:1.9:runtime
|  |  |     |  +- org.codehaus.jackson:jackson-jaxrs:jar:1.8.3:runtime
|  |  |     |  \- org.codehaus.jackson:jackson-xc:jar:1.8.3:runtime
|  |  |     +- com.sun.jersey.contribs:jersey-guice:jar:1.9:runtime
|  |  |     |  \- com.sun.jersey:jersey-server:jar:1.9:runtime
|  |  |     |     \- asm:asm:jar:3.1:runtime
|  |  |     +- org.apache.hadoop:hadoop-yarn-common:jar:2.6.0-cdh5.4.4-bd259:runtime
|  |  |     |  \- com.bytedance:btrace:jar:1.0.3:runtime
|  |  |     +- org.apache.hadoop:hadoop-yarn-api:jar:2.6.0-cdh5.4.4-bd1:runtime
|  |  |     +- org.codehaus.jettison:jettison:jar:1.1:runtime
|  |  |     +- com.sun.jersey:jersey-core:jar:1.9:runtime
|  |  |     +- com.sun.jersey:jersey-client:jar:1.9:runtime
|  |  |     +- org.mortbay.jetty:jetty-util:jar:6.1.26.cloudera.4:runtime
|  |  |     +- org.apache.hadoop:hadoop-yarn-server-common:jar:2.6.0-cdh5.4.4-bd1:runtime
|  |  |     |  \- org.fusesource.leveldbjni:leveldbjni-all:jar:1.8:runtime
|  |  |     +- org.apache.hadoop:hadoop-yarn-server-applicationhistoryservice:jar:2.6.0-cdh5.4.4-bd1:runtime
|  |  |     +- org.apache.hadoop:hadoop-yarn-server-web-proxy:jar:2.6.0-cdh5.4.4-bd1:runtime
|  |  |     |  \- org.mortbay.jetty:jetty:jar:6.1.26.cloudera.4:runtime
|  |  |     \- com.sun:tools:jar:1.8:system
|  |  \- org.apache.hive.shims:hive-shims-scheduler:jar:1.2.2-bd129:runtime
|  +- commons-codec:commons-codec:jar:1.10:compile
|  +- commons-httpclient:commons-httpclient:jar:3.0.1:compile
|  +- commons-io:commons-io:jar:2.4:compile
|  +- org.apache.commons:commons-lang3:jar:3.3.2:compile
|  +- commons-logging:commons-logging:jar:1.1.3:compile
|  +- log4j:apache-log4j-extras:jar:1.2.17:compile
|  +- org.antlr:antlr-runtime:jar:3.4:compile
|  |  +- org.antlr:stringtemplate:jar:3.2.1:compile
|  |  \- antlr:antlr:jar:2.7.7:compile
|  +- org.antlr:ST4:jar:4.0.4:compile
|  +- org.apache.ant:ant:jar:1.9.1:compile
|  |  \- org.apache.ant:ant-launcher:jar:1.9.1:compile
|  +- org.apache.commons:commons-compress:jar:1.20:compile
|  +- org.apache.ivy:ivy:jar:2.4.0:compile
|  +- org.apache.zookeeper:zookeeper:jar:3.5.9:compile
|  |  +- org.apache.zookeeper:zookeeper-jute:jar:3.5.9:compile
|  |  +- org.apache.yetus:audience-annotations:jar:0.5.0:compile
|  |  +- io.netty:netty-handler:jar:4.1.50.Final:compile
|  |  |  +- io.netty:netty-common:jar:4.1.50.Final:compile
|  |  |  +- io.netty:netty-resolver:jar:4.1.50.Final:compile
|  |  |  +- io.netty:netty-buffer:jar:4.1.50.Final:compile
|  |  |  +- io.netty:netty-transport:jar:4.1.50.Final:compile
|  |  |  \- io.netty:netty-codec:jar:4.1.50.Final:compile
|  |  \- io.netty:netty-transport-native-epoll:jar:4.1.50.Final:compile
|  |     \- io.netty:netty-transport-native-unix-common:jar:4.1.50.Final:compile
|  +- org.apache.curator:curator-framework:jar:2.6.0:compile
|  |  \- org.apache.curator:curator-client:jar:2.6.0:compile
|  +- org.apache.curator:apache-curator:pom:2.6.0:compile
|  +- org.codehaus.groovy:groovy-all:jar:2.1.6:compile
|  +- org.datanucleus:datanucleus-core:jar:3.2.10:compile
|  +- org.apache.calcite:calcite-core:jar:1.2.0-incubating:compile
|  |  +- org.apache.calcite:calcite-linq4j:jar:1.2.0-incubating:compile
|  |  +- net.hydromatic:eigenbase-properties:jar:1.1.5:compile
|  |  +- org.codehaus.janino:janino:jar:2.7.6:compile
|  |  \- org.codehaus.janino:commons-compiler:jar:2.7.6:compile
|  +- org.apache.calcite:calcite-avatica:jar:1.2.0-incubating:compile
|  +- stax:stax-api:jar:1.0.1:compile
|  +- jline:jline:jar:2.12:compile
|  +- com.bytedance:mariocollector:jar:1.4-SNAPSHOT:compile
|  |  +- com.bytedance:commons:jar:0.0.17:compile
|  |  |  +- org.scala-lang:scala-library:jar:2.11.12:compile
|  |  |  +- com.squareup.okhttp3:okhttp:jar:3.8.0:compile
|  |  |  |  \- com.squareup.okio:okio:jar:1.13.0:compile
|  |  |  +- com.fasterxml.jackson.core:jackson-core:jar:2.10.1:compile
|  |  |  +- com.fasterxml.jackson.core:jackson-databind:jar:2.10.1:compile
|  |  |  \- com.fasterxml.jackson.core:jackson-annotations:jar:2.10.1:compile
|  |  +- com.bytedance:metrics4j:jar:1.0.27:compile
|  |  |  +- io.dropwizard.metrics:metrics-core:jar:4.0.1:compile
|  |  |  \- com.sun.xml.bind:jaxb-impl:jar:2.2.3-1:compile
|  |  +- org.apache.httpcomponents:httpclient:jar:4.5.3:compile
|  |  +- com.googlecode.protobuf-java-format:protobuf-java-format:jar:1.4:compile
|  |  +- com.bytedance:basic-user-data-schema:jar:1.0.0-SNAPSHOT:compile
|  |  +- com.google.code.gson:gson:jar:2.7:compile
|  |  \- com.jsoniter:jsoniter:jar:0.9.19:compile
|  \- com.bytedance.data:databus4j:jar:1.0.1:compile
+- org.apache.hive:hive-metastore:jar:1.2.2-bd129:compile
|  +- org.apache.hive:hive-serde:jar:1.2.2-bd129:compile
|  |  +- org.apache.hive:hive-common:jar:1.2.2-bd129:compile
|  |  |  +- joda-time:joda-time:jar:2.5:compile
|  |  |  \- org.json:json:jar:20090211:compile
|  |  +- org.apache.avro:avro:jar:1.8.2:compile
|  |  |  +- com.thoughtworks.paranamer:paranamer:jar:2.7:compile
|  |  |  \- org.tukaani:xz:jar:1.5:compile
|  |  \- net.sf.opencsv:opencsv:jar:2.3:compile
|  +- com.google.guava:guava:jar:14.0.1:compile
|  +- com.jolbox:bonecp:jar:0.8.0.RELEASE:compile
|  +- commons-cli:commons-cli:jar:1.2:compile
|  +- commons-lang:commons-lang:jar:2.6:compile
|  +- org.apache.derby:derby:jar:10.10.2.0:compile
|  +- org.datanucleus:datanucleus-api-jdo:jar:3.2.6:compile
|  +- org.datanucleus:datanucleus-rdbms:jar:3.2.9:compile
|  +- commons-pool:commons-pool:jar:1.5.4:compile
|  +- commons-dbcp:commons-dbcp:jar:1.4:compile
|  +- javax.jdo:jdo-api:jar:3.0.1:compile
|  |  \- javax.transaction:jta:jar:1.1:compile
|  +- org.apache.thrift:libthrift:jar:0.9.3:compile
|  |  \- org.apache.httpcomponents:httpcore:jar:4.4.6:compile
|  +- mysql:mysql-connector-java:jar:5.1.24:compile
|  \- org.byted.infsec:infsecclient:jar:1.1.0:compile
|     \- org.byted.infsec:jwt:jar:1.0.0:compile
+- org.apache.parquet:parquet-hadoop:jar:1.10.1-bd1.0.23:compile
|  +- org.apache.parquet:parquet-column:jar:1.10.1-bd1.0.23:compile
|  |  +- org.apache.parquet:parquet-common:jar:1.10.1-bd1.0.23:compile
|  |  \- org.apache.parquet:parquet-encoding:jar:1.10.1-bd1.0.23:compile
|  +- org.apache.parquet:parquet-format:jar:2.4.0-bd1.0-SNAPSHOT:compile
|  +- org.apache.parquet:parquet-jackson:jar:1.10.1-bd1.0.23:compile
|  +- org.codehaus.jackson:jackson-mapper-asl:jar:1.9.13:compile
|  +- org.codehaus.jackson:jackson-core-asl:jar:1.9.13:compile
|  +- org.xerial.snappy:snappy-java:jar:1.1.4:compile
|  \- com.github.luben:zstd-jni:jar:1.4.4-12-bd:compile
+- org.apache.thrift:libfb303:jar:0.9.2:compile
+- com.bytedance.data:mario-java-collector:jar:1.2.0-SNAPSHOT:compile
+- org.apache.orc:orc-core:jar:nohive:1.5.10-bd1.0.0:compile
|  +- org.apache.orc:orc-shims:jar:1.5.10-bd1.0.0:compile
|  +- com.google.protobuf:protobuf-java:jar:2.5.0:compile
|  +- javax.xml.bind:jaxb-api:jar:2.3.1:compile
|  |  \- javax.activation:javax.activation-api:jar:1.2.0:compile
|  +- org.apache.hive:hive-storage-api:jar:2.7.1:compile
|  \- org.threeten:threeten-extra:jar:1.5.0:compile
+- io.airlift:aircompressor:jar:0.15:compile
|  \- io.airlift:slice:jar:0.36:compile
|     \- org.openjdk.jol:jol-core:jar:0.2:compile
+- org.slf4j:slf4j-api:jar:1.7.15:provided
+- com.google.code.findbugs:jsr305:jar:1.3.9:provided
+- org.apache.flink:flink-test-utils-junit:jar:1.11-byted-SNAPSHOT:test
+- org.apache.flink:force-shading:jar:1.11-byted-SNAPSHOT:compile
+- org.junit.jupiter:junit-jupiter:jar:5.8.1:test
|  +- org.junit.jupiter:junit-jupiter-api:jar:5.8.1:test
|  |  +- org.opentest4j:opentest4j:jar:1.2.0:test
|  |  \- org.junit.platform:junit-platform-commons:jar:1.8.1:test
|  +- org.junit.jupiter:junit-jupiter-params:jar:5.8.1:test
|  \- org.junit.jupiter:junit-jupiter-engine:jar:5.8.1:test
+- org.junit.vintage:junit-vintage-engine:jar:5.8.1:test
|  +- org.junit.platform:junit-platform-engine:jar:1.8.1:test
|  \- org.apiguardian:apiguardian-api:jar:1.1.2:test
+- org.assertj:assertj-core:jar:3.21.0:test
+- junit:junit:jar:4.12:test
|  \- org.hamcrest:hamcrest-core:jar:1.3:test
+- org.mockito:mockito-core:jar:2.21.0:test
|  +- net.bytebuddy:byte-buddy:jar:1.8.15:test
|  +- net.bytebuddy:byte-buddy-agent:jar:1.8.15:test
|  \- org.objenesis:objenesis:jar:2.1:test
+- org.powermock:powermock-module-junit4:jar:2.0.4:test
|  \- org.powermock:powermock-module-junit4-common:jar:2.0.4:test
|     +- org.powermock:powermock-reflect:jar:2.0.4:test
|     \- org.powermock:powermock-core:jar:2.0.4:test
|        \- org.javassist:javassist:jar:3.24.0-GA:test
+- org.powermock:powermock-api-mockito2:jar:2.0.4:test
|  \- org.powermock:powermock-api-support:jar:2.0.4:test
+- org.hamcrest:hamcrest-all:jar:1.3:test
+- org.apache.logging.log4j:log4j-slf4j-impl:jar:2.17.1:test
+- org.apache.logging.log4j:log4j-api:jar:2.17.1:test
+- org.apache.logging.log4j:log4j-core:jar:2.17.1:test
\- org.apache.logging.log4j:log4j-1.2-api:jar:2.17.1:test
