/*
 * Licensed to the Apache Software Foundation (ASF) under one
 * or more contributor license agreements.  See the NOTICE file
 * distributed with this work for additional information
 * regarding copyright ownership.  The ASF licenses this file
 * to you under the Apache License, Version 2.0 (the
 * "License"); you may not use this file except in compliance
 * with the License.  You may obtain a copy of the License at
 *
 *     http://www.apache.org/licenses/LICENSE-2.0
 *
 * Unless required by applicable law or agreed to in writing, software
 * distributed under the License is distributed on an "AS IS" BASIS,
 * WITHOUT WARRANTIES OR CONDITIONS OF ANY KIND, either express or implied.
 * See the License for the specific language governing permissions and
 * limitations under the License.
 */

org.apache.flink:flink-connector-abase:jar:1.11-byted-SNAPSHOT
+- com.bytedance:java-abase-client:jar:2.4.3-POOLFIX:compile
|  +- com.google.guava:guava:jar:18.0:compile
|  +- io.dropwizard.metrics:metrics-core:jar:4.0.1:compile
|  +- com.bytedance:commons:jar:0.0.14:compile
|  |  +- com.squareup.okhttp3:okhttp:jar:3.8.0:compile
|  |  |  \- com.squareup.okio:okio:jar:1.13.0:compile
|  |  +- com.fasterxml.jackson.core:jackson-core:jar:2.10.1:compile
|  |  +- com.fasterxml.jackson.core:jackson-databind:jar:2.10.1:compile
|  |  \- com.fasterxml.jackson.core:jackson-annotations:jar:2.10.1:compile
|  +- org.apache.commons:commons-lang3:jar:3.3.2:compile
|  +- org.apache.commons:commons-pool2:jar:2.4.2:compile
|  +- redis.clients:jedis:jar:2.9.7-bd1:compile
|  +- org.byted.infsec:infsecclient:jar:1.1.0:compile
|  |  \- org.byted.infsec:jwt:jar:1.0.0:compile
|  |     \- commons-codec:commons-codec:jar:1.10:compile
|  \- io.github.resilience4j:resilience4j-circuitbreaker:jar:1.6.1:compile
|     +- io.vavr:vavr:jar:0.10.2:compile
|     |  \- io.vavr:vavr-match:jar:0.10.2:compile
|     \- io.github.resilience4j:resilience4j-core:jar:1.6.1:compile
+- org.apache.flink:flink-core:jar:1.11-byted-SNAPSHOT:provided
|  +- org.apache.flink:flink-annotations:jar:1.11-byted-SNAPSHOT:provided
|  +- org.apache.flink:flink-metrics-core:jar:1.11-byted-SNAPSHOT:provided
|  +- org.apache.flink:flink-shaded-asm-7:jar:7.1-11.0-byted-SNAPSHOT:provided
|  +- com.esotericsoftware.kryo:kryo:jar:2.24.0:provided
|  |  \- com.esotericsoftware.minlog:minlog:jar:1.2:provided
|  +- commons-collections:commons-collections:jar:3.2.2:provided
|  +- org.apache.commons:commons-compress:jar:1.20:provided
|  +- org.apache.flink:flink-shaded-guava:jar:18.0-11.0-byted-SNAPSHOT:provided
|  \- org.yaml:snakeyaml:jar:1.24:provided
+- org.apache.flink:flink-table-common:jar:1.11-byted-SNAPSHOT:provided
|  \- org.apache.flink:flink-metrics-dropwizard:jar:1.11-byted-SNAPSHOT:provided
+- org.apache.flink:flink-table-api-java-bridge_2.11:jar:1.11-byted-SNAPSHOT:provided
|  +- org.apache.flink:flink-table-api-java:jar:1.11-byted-SNAPSHOT:provided
|  |  \- org.apache.calcite:calcite-core:jar:1.22.0-byted-1.05:provided
|  |     +- org.apache.calcite:calcite-linq4j:jar:1.22.0-byted-1.05:provided
|  |     +- org.apache.calcite.avatica:avatica-core:jar:1.16.0:provided
|  |     |  +- org.apache.calcite.avatica:avatica-metrics:jar:1.16.0:provided
|  |     |  +- com.google.protobuf:protobuf-java:jar:3.6.1:provided
|  |     |  +- org.apache.httpcomponents:httpclient:jar:4.5.3:provided
|  |     |  \- org.apache.httpcomponents:httpcore:jar:4.4.6:provided
|  |     +- org.apiguardian:apiguardian-api:jar:1.1.0:provided
|  |     +- com.esri.geometry:esri-geometry-api:jar:2.2.0:provided
|  |     +- com.fasterxml.jackson.dataformat:jackson-dataformat-yaml:jar:2.10.1:provided
|  |     +- com.jayway.jsonpath:json-path:jar:2.4.0:provided
|  |     |  \- net.minidev:json-smart:jar:2.3:provided
|  |     |     \- net.minidev:accessors-smart:jar:1.2:provided
|  |     |        \- org.ow2.asm:asm:jar:5.0.4:provided
|  |     +- com.yahoo.datasketches:sketches-core:jar:0.9.0:provided
|  |     |  \- com.yahoo.datasketches:memory:jar:0.9.0:provided
|  |     +- net.hydromatic:aggdesigner-algorithm:jar:6.0:provided
|  |     |  +- commons-lang:commons-lang:jar:2.4:provided
|  |     |  \- commons-logging:commons-logging:jar:1.1.3:provided
|  |     +- org.apache.calcite.avatica:avatica-server:jar:1.16.0:provided
|  |     |  +- javax.servlet:javax.servlet-api:jar:4.0.1:provided
|  |     |  +- org.eclipse.jetty:jetty-http:jar:9.4.15.v20190215:provided
|  |     |  |  \- org.eclipse.jetty:jetty-io:jar:9.4.15.v20190215:provided
|  |     |  +- org.eclipse.jetty:jetty-security:jar:9.4.15.v20190215:provided
|  |     |  +- org.eclipse.jetty:jetty-server:jar:9.4.15.v20190215:provided
|  |     |  \- org.eclipse.jetty:jetty-util:jar:9.4.15.v20190215:provided
|  |     +- org.apache.commons:commons-dbcp2:jar:2.6.0:provided
|  |     +- commons-io:commons-io:jar:2.4:provided
|  |     +- org.codehaus.janino:commons-compiler:jar:3.0.11:provided
|  |     \- org.codehaus.janino:janino:jar:3.0.11:provided
|  +- org.apache.flink:flink-java:jar:1.11-byted-SNAPSHOT:provided
|  |  \- org.apache.commons:commons-math3:jar:3.5:provided
|  \- org.apache.flink:flink-streaming-java_2.11:jar:1.11-byted-SNAPSHOT:provided
|     +- org.apache.flink:flink-runtime_2.11:jar:1.11-byted-SNAPSHOT:provided
|     |  +- org.apache.flink:flink-queryable-state-client-java:jar:1.11-byted-SNAPSHOT:provided
|     |  +- org.apache.flink:flink-hadoop-fs:jar:1.11-byted-SNAPSHOT:provided
|     |  +- org.apache.flink:flink-shaded-netty:jar:4.1.39.Final-11.0-byted-SNAPSHOT:provided
|     |  +- org.apache.flink:flink-shaded-jackson:jar:2.10.1-11.0-byted-SNAPSHOT:provided
|     |  +- org.apache.flink:flink-shaded-zookeeper-3:jar:3.4.14-11.0-byted-SNAPSHOT:provided
|     |  +- org.apache.flink:flink-shaded-commons-cli:jar:1.3.1-11.0-byted-SNAPSHOT:provided
|     |  +- org.apache.curator:curator-recipes:jar:2.12.0:provided
|     |  |  \- org.apache.curator:curator-framework:jar:2.12.0:provided
|     |  |     \- org.apache.curator:curator-client:jar:2.12.0:provided
|     |  |        \- org.apache.zookeeper:zookeeper:jar:3.4.14:provided
|     |  |           +- com.github.spotbugs:spotbugs-annotations:jar:3.1.9:provided
|     |  |           \- org.apache.yetus:audience-annotations:jar:0.5.0:provided
|     |  +- org.javassist:javassist:jar:3.24.0-GA:provided
|     |  +- org.scala-lang:scala-library:jar:2.11.12:provided
|     |  +- com.typesafe.akka:akka-actor_2.11:jar:2.5.21:provided
|     |  |  +- com.typesafe:config:jar:1.3.0:provided
|     |  |  \- org.scala-lang.modules:scala-java8-compat_2.11:jar:0.7.0:provided
|     |  +- com.typesafe.akka:akka-stream_2.11:jar:2.5.21:provided
|     |  |  +- org.reactivestreams:reactive-streams:jar:1.0.2:provided
|     |  |  \- com.typesafe:ssl-config-core_2.11:jar:0.3.7:provided
|     |  |     \- org.scala-lang.modules:scala-parser-combinators_2.11:jar:1.1.1:provided
|     |  +- com.typesafe.akka:akka-protobuf_2.11:jar:2.5.21:provided
|     |  +- com.typesafe.akka:akka-slf4j_2.11:jar:2.5.21:provided
|     |  +- org.clapper:grizzled-slf4j_2.11:jar:1.3.2:provided
|     |  +- com.github.scopt:scopt_2.11:jar:3.5.0:provided
|     |  +- org.xerial.snappy:snappy-java:jar:1.1.4:provided
|     |  +- com.twitter:chill_2.11:jar:0.7.6:provided
|     |  |  \- com.twitter:chill-java:jar:0.7.6:provided
|     |  +- org.lz4:lz4-java:jar:1.6.0:provided
|     |  \- org.apache.flink:flink-shaded-caffeine:jar:11.0-byted-SNAPSHOT:provided
|     +- com.googlecode.json-simple:json-simple:jar:1.1.1:provided
|     +- org.apache.flink:flink-shaded-bytedance:jar:11.0-byted-SNAPSHOT:provided
|     \- org.apache.flink:flink-shaded-httpclient:jar:4.5.3-11.0-byted-SNAPSHOT:provided
+- com.bytedance:metrics4j:jar:1.0.26:compile
|  \- com.sun.xml.bind:jaxb-impl:jar:2.2.3-1:compile
|     \- javax.xml.bind:jaxb-api:jar:2.3.1:compile
|        \- javax.activation:javax.activation-api:jar:1.2.0:compile
+- org.slf4j:slf4j-api:jar:1.7.15:provided
+- com.google.code.findbugs:jsr305:jar:1.3.9:provided
+- org.apache.flink:flink-test-utils-junit:jar:1.11-byted-SNAPSHOT:test
+- org.apache.flink:force-shading:jar:1.11-byted-SNAPSHOT:compile
+- junit:junit:jar:4.12:test
|  \- org.hamcrest:hamcrest-core:jar:1.3:test
+- org.mockito:mockito-core:jar:2.21.0:test
|  +- net.bytebuddy:byte-buddy:jar:1.8.15:test
|  +- net.bytebuddy:byte-buddy-agent:jar:1.8.15:test
|  \- org.objenesis:objenesis:jar:2.1:provided
+- org.powermock:powermock-module-junit4:jar:2.0.4:test
|  \- org.powermock:powermock-module-junit4-common:jar:2.0.4:test
|     +- org.powermock:powermock-reflect:jar:2.0.4:test
|     \- org.powermock:powermock-core:jar:2.0.4:test
+- org.powermock:powermock-api-mockito2:jar:2.0.4:test
|  \- org.powermock:powermock-api-support:jar:2.0.4:test
+- org.hamcrest:hamcrest-all:jar:1.3:test
+- org.apache.logging.log4j:log4j-slf4j-impl:jar:2.15.0:test
+- org.apache.logging.log4j:log4j-api:jar:2.15.0:test
+- org.apache.logging.log4j:log4j-core:jar:2.15.0:test
\- org.apache.logging.log4j:log4j-1.2-api:jar:2.15.0:test
