/*
 * Licensed to the Apache Software Foundation (ASF) under one
 * or more contributor license agreements.  See the NOTICE file
 * distributed with this work for additional information
 * regarding copyright ownership.  The ASF licenses this file
 * to you under the Apache License, Version 2.0 (the
 * "License"); you may not use this file except in compliance
 * with the License.  You may obtain a copy of the License at
 *
 *     http://www.apache.org/licenses/LICENSE-2.0
 *
 * Unless required by applicable law or agreed to in writing, software
 * distributed under the License is distributed on an "AS IS" BASIS,
 * WITHOUT WARRANTIES OR CONDITIONS OF ANY KIND, either express or implied.
 * See the License for the specific language governing permissions and
 * limitations under the License.
 */

org.apache.flink:flink-sql-connector-hive-3.1.2_2.11:jar:1.11-byted-SNAPSHOT
+- org.apache.flink:flink-connector-hive_2.11:jar:1.11-byted-SNAPSHOT:compile
|  \- org.apache.flink:flink-shaded-jackson:jar:2.10.1-11.0-byted-SNAPSHOT:compile
+- org.apache.hive:hive-exec:jar:3.1.2:compile
|  +- org.apache.hive:hive-vector-code-gen:jar:3.1.2:compile
|  |  +- commons-lang:commons-lang:jar:2.6:compile
|  |  +- com.google.guava:guava:jar:19.0:compile
|  |  \- org.apache.velocity:velocity:jar:1.5:compile
|  |     \- oro:oro:jar:2.0.8:compile
|  +- org.apache.hive:hive-llap-tez:jar:3.1.2:compile
|  |  +- org.apache.hive:hive-common:jar:3.1.2:compile
|  |  |  +- org.apache.hive:hive-classification:jar:3.1.2:compile
|  |  |  +- org.apache.hive:hive-storage-api:jar:2.7.0:compile
|  |  |  +- org.apache.orc:orc-core:jar:1.5.6:compile
|  |  |  |  +- org.apache.orc:orc-shims:jar:1.5.6:compile
|  |  |  |  +- io.airlift:aircompressor:jar:0.10:compile
|  |  |  |  \- org.apache.hadoop:hadoop-hdfs:jar:2.6.0-cdh5.4.4-bd203:compile
|  |  |  |     +- com.bytedance:java-redis-client:jar:2.1.6-HADOOP-SNAPSHOT:compile
|  |  |  |     \- org.apache.mina:mina-core:jar:2.0.10:compile
|  |  |  +- jline:jline:jar:2.12:compile
|  |  |  +- javax.servlet:javax.servlet-api:jar:3.1.0:compile
|  |  |  +- org.eclipse.jetty:jetty-http:jar:9.3.20.v20170531:compile
|  |  |  |  \- org.eclipse.jetty:jetty-util:jar:9.3.20.v20170531:compile
|  |  |  +- org.eclipse.jetty:jetty-rewrite:jar:9.3.20.v20170531:compile
|  |  |  |  \- org.eclipse.jetty:jetty-client:jar:9.3.20.v20170531:compile
|  |  |  +- org.eclipse.jetty:jetty-server:jar:9.3.20.v20170531:compile
|  |  |  |  \- org.eclipse.jetty:jetty-io:jar:9.3.20.v20170531:compile
|  |  |  +- org.eclipse.jetty:jetty-servlet:jar:9.3.20.v20170531:compile
|  |  |  |  \- org.eclipse.jetty:jetty-security:jar:9.3.20.v20170531:compile
|  |  |  +- org.eclipse.jetty:jetty-webapp:jar:9.3.20.v20170531:compile
|  |  |  |  \- org.eclipse.jetty:jetty-xml:jar:9.3.20.v20170531:compile
|  |  |  +- org.apache.logging.log4j:log4j-web:jar:2.10.0:compile
|  |  |  +- net.sf.jpam:jpam:jar:1.1:compile
|  |  |  +- com.tdunning:json:jar:1.8:compile
|  |  |  +- io.dropwizard.metrics:metrics-core:jar:3.1.0:compile
|  |  |  +- io.dropwizard.metrics:metrics-jvm:jar:3.1.0:compile
|  |  |  +- io.dropwizard.metrics:metrics-json:jar:3.1.0:compile
|  |  |  +- com.github.joshelser:dropwizard-metrics-hadoop-metrics2-reporter:jar:0.1.2:compile
|  |  |  \- javolution:javolution:jar:5.5.1:compile
|  |  +- org.apache.hive:hive-llap-client:jar:3.1.2:compile
|  |  |  \- org.apache.hive:hive-llap-common:jar:3.1.2:compile
|  |  |     \- org.apache.hive:hive-serde:jar:3.1.2:compile
|  |  |        +- org.apache.hive:hive-service-rpc:jar:3.1.2:compile
|  |  |        +- org.apache.arrow:arrow-vector:jar:0.8.0:compile
|  |  |        |  +- org.apache.arrow:arrow-format:jar:0.8.0:compile
|  |  |        |  +- org.apache.arrow:arrow-memory:jar:0.8.0:compile
|  |  |        |  +- io.netty:netty-buffer:jar:4.1.17.Final:compile
|  |  |        |  \- io.netty:netty-common:jar:4.1.17.Final:compile
|  |  |        +- com.carrotsearch:hppc:jar:0.7.2:compile
|  |  |        +- com.vlkan:flatbuffers:jar:1.2.0-3f79e055:compile
|  |  |        +- net.sf.opencsv:opencsv:jar:2.3:compile
|  |  |        \- org.apache.parquet:parquet-hadoop-bundle:jar:1.10.0:compile
|  |  \- org.apache.commons:commons-lang3:jar:3.3.2:compile
|  +- org.apache.hive:hive-shims:jar:3.1.2:compile
|  |  +- org.apache.hive.shims:hive-shims-common:jar:3.1.2:compile
|  |  +- org.apache.hive.shims:hive-shims-0.23:jar:3.1.2:runtime
|  |  |  \- org.apache.hadoop:hadoop-yarn-server-resourcemanager:jar:3.1.0:runtime
|  |  |     +- org.codehaus.jettison:jettison:jar:1.1:compile
|  |  |     +- org.eclipse.jetty:jetty-util-ajax:jar:9.3.19.v20170502:runtime
|  |  |     +- org.apache.hadoop:hadoop-yarn-server-common:jar:3.1.0:runtime
|  |  |     |  +- org.apache.geronimo.specs:geronimo-jcache_1.0_spec:jar:1.0-alpha-1:runtime
|  |  |     |  +- org.ehcache:ehcache:jar:3.3.1:runtime
|  |  |     |  +- com.zaxxer:HikariCP-java7:jar:2.4.12:runtime
|  |  |     |  \- com.microsoft.sqlserver:mssql-jdbc:jar:6.2.1.jre7:runtime
|  |  |     +- org.apache.hadoop:hadoop-yarn-server-applicationhistoryservice:jar:3.1.0:runtime
|  |  |     |  \- de.ruedigermoeller:fst:jar:2.50:runtime
|  |  |     |     \- com.cedarsoftware:java-util:jar:1.9.0:runtime
|  |  |     |        \- com.cedarsoftware:json-io:jar:2.5.1:runtime
|  |  |     +- org.apache.hadoop:hadoop-yarn-server-web-proxy:jar:3.1.0:runtime
|  |  |     \- org.fusesource.leveldbjni:leveldbjni-all:jar:1.8:runtime
|  |  \- org.apache.hive.shims:hive-shims-scheduler:jar:3.1.2:runtime
|  +- commons-codec:commons-codec:jar:1.10:compile
|  +- commons-io:commons-io:jar:2.4:compile
|  +- org.antlr:antlr-runtime:jar:3.5.2:compile
|  +- org.antlr:ST4:jar:4.0.4:compile
|  +- org.apache.ant:ant:jar:1.9.1:compile
|  |  \- org.apache.ant:ant-launcher:jar:1.9.1:compile
|  +- org.apache.commons:commons-compress:jar:1.20:compile
|  +- org.apache.hadoop:hadoop-yarn-registry:jar:3.1.0:compile
|  |  +- org.apache.hadoop:hadoop-auth:jar:3.1.0:compile
|  |  |  +- com.nimbusds:nimbus-jose-jwt:jar:4.41.1:compile
|  |  |  |  \- com.github.stephenc.jcip:jcip-annotations:jar:1.0-1:compile
|  |  |  +- net.minidev:json-smart:jar:2.3:compile
|  |  |  |  \- net.minidev:accessors-smart:jar:1.2:compile
|  |  |  |     \- org.ow2.asm:asm:jar:5.0.4:compile
|  |  |  \- org.apache.kerby:kerb-simplekdc:jar:1.0.1:compile
|  |  |     +- org.apache.kerby:kerb-client:jar:1.0.1:compile
|  |  |     |  +- org.apache.kerby:kerby-config:jar:1.0.1:compile
|  |  |     |  +- org.apache.kerby:kerb-core:jar:1.0.1:compile
|  |  |     |  |  \- org.apache.kerby:kerby-pkix:jar:1.0.1:compile
|  |  |     |  |     +- org.apache.kerby:kerby-asn1:jar:1.0.1:compile
|  |  |     |  |     \- org.apache.kerby:kerby-util:jar:1.0.1:compile
|  |  |     |  +- org.apache.kerby:kerb-common:jar:1.0.1:compile
|  |  |     |  |  \- org.apache.kerby:kerb-crypto:jar:1.0.1:compile
|  |  |     |  +- org.apache.kerby:kerb-util:jar:1.0.1:compile
|  |  |     |  \- org.apache.kerby:token-provider:jar:1.0.1:compile
|  |  |     \- org.apache.kerby:kerb-admin:jar:1.0.1:compile
|  |  |        +- org.apache.kerby:kerb-server:jar:1.0.1:compile
|  |  |        |  \- org.apache.kerby:kerb-identity:jar:1.0.1:compile
|  |  |        \- org.apache.kerby:kerby-xdr:jar:1.0.1:compile
|  |  +- org.apache.hadoop:hadoop-annotations:jar:3.1.0:compile
|  |  |  \- jdk.tools:jdk.tools:jar:1.8:system
|  |  +- org.apache.hadoop:hadoop-yarn-api:jar:3.1.0:compile
|  |  |  +- commons-logging:commons-logging:jar:1.1.3:compile
|  |  |  +- javax.xml.bind:jaxb-api:jar:2.3.1:compile
|  |  |  |  \- javax.activation:javax.activation-api:jar:1.2.0:compile
|  |  |  \- com.google.protobuf:protobuf-java:jar:2.5.0:compile
|  |  +- org.apache.hadoop:hadoop-yarn-common:jar:2.6.0-cdh5.4.4-bd203:compile
|  |  |  +- javax.servlet:servlet-api:jar:2.5:compile
|  |  |  +- org.mortbay.jetty:jetty-util:jar:6.1.26.cloudera.4:compile
|  |  |  +- com.sun.jersey:jersey-core:jar:1.9:compile
|  |  |  +- com.sun.jersey:jersey-client:jar:1.9:compile
|  |  |  +- org.codehaus.jackson:jackson-core-asl:jar:1.8.8:compile
|  |  |  +- org.codehaus.jackson:jackson-mapper-asl:jar:1.8.8:compile
|  |  |  +- org.codehaus.jackson:jackson-jaxrs:jar:1.8.8:compile
|  |  |  +- org.codehaus.jackson:jackson-xc:jar:1.8.8:compile
|  |  |  +- com.bytedance:btrace:jar:1.0.3:compile
|  |  |  |  \- com.bytedance.data:databus4j:jar:1.0.1:compile
|  |  |  +- com.google.inject.extensions:guice-servlet:jar:3.0:compile
|  |  |  +- com.google.inject:guice:jar:3.0:compile
|  |  |  |  +- javax.inject:javax.inject:jar:1:compile
|  |  |  |  \- aopalliance:aopalliance:jar:1.0:compile
|  |  |  +- com.sun.jersey:jersey-server:jar:1.9:compile
|  |  |  |  \- asm:asm:jar:3.1:compile
|  |  |  +- com.sun.jersey:jersey-json:jar:1.9:compile
|  |  |  |  \- com.sun.xml.bind:jaxb-impl:jar:2.2.3-1:compile
|  |  |  \- com.sun.jersey.contribs:jersey-guice:jar:1.9:compile
|  |  +- org.apache.hadoop:hadoop-common:jar:2.6.0-cdh5.4.4-bd203:compile
|  |  |  +- org.apache.commons:commons-math3:jar:3.5:compile
|  |  |  +- xmlenc:xmlenc:jar:0.52:compile
|  |  |  +- commons-httpclient:commons-httpclient:jar:3.1:compile
|  |  |  +- commons-collections:commons-collections:jar:3.2.2:compile
|  |  |  +- org.byted.infsec:dps:jar:2.0.5:compile
|  |  |  |  +- org.bouncycastle:bcprov-jdk16:jar:1.46:compile
|  |  |  |  +- com.auth0:java-jwt:jar:3.11.0:compile
|  |  |  |  +- javax.annotation:javax.annotation-api:jar:1.3:compile
|  |  |  |  +- com.bytedance:commons:jar:0.0.14:compile
|  |  |  |  |  +- org.scala-lang:scala-library:jar:2.11.12:compile
|  |  |  |  |  \- com.squareup.okhttp3:okhttp:jar:3.8.0:compile
|  |  |  |  |     \- com.squareup.okio:okio:jar:1.13.0:compile
|  |  |  |  +- com.bytedance:metrics4j:jar:1.0.4:compile
|  |  |  |  +- com.codahale.metrics:metrics-core:jar:3.0.1:compile
|  |  |  |  +- com.github.ben-manes.caffeine:caffeine:jar:2.6.2:compile
|  |  |  |  \- org.byted.infsec:thrift-client-pool-java:jar:1.3.1:compile
|  |  |  |     \- org.apache.commons:commons-pool2:jar:2.2:compile
|  |  |  +- org.byted.infsec:infsecclient:jar:1.4.1:compile
|  |  |  +- org.byted.security:zti-jwt-helper-java:jar:1.0.10:compile
|  |  |  +- org.byted.security:zti-jwt-java:jar:1.0.18:compile
|  |  |  +- org.byted.security:zti-issuer-helper-java:jar:1.0.7:compile
|  |  |  +- org.mortbay.jetty:jetty:jar:6.1.26.cloudera.4:compile
|  |  |  +- tomcat:jasper-compiler:jar:5.5.23:runtime
|  |  |  +- tomcat:jasper-runtime:jar:5.5.23:runtime
|  |  |  +- javax.servlet.jsp:jsp-api:jar:2.1:runtime
|  |  |  +- commons-el:commons-el:jar:1.0:runtime
|  |  |  +- net.java.dev.jets3t:jets3t:jar:0.9.0:compile
|  |  |  |  \- com.jamesmurty.utils:java-xmlbuilder:jar:0.4:compile
|  |  |  +- commons-configuration:commons-configuration:jar:1.7:compile
|  |  |  |  +- commons-digester:commons-digester:jar:1.8.1:compile
|  |  |  |  \- commons-beanutils:commons-beanutils:jar:1.8.3:compile
|  |  |  +- org.apache.avro:avro:jar:1.8.2:compile
|  |  |  |  +- com.thoughtworks.paranamer:paranamer:jar:2.7:compile
|  |  |  |  +- org.xerial.snappy:snappy-java:jar:1.1.4:compile
|  |  |  |  \- org.tukaani:xz:jar:1.5:compile
|  |  |  +- com.jcraft:jsch:jar:0.1.54:compile
|  |  |  \- org.htrace:htrace-core:jar:3.0.4:compile
|  |  +- org.apache.curator:curator-client:jar:2.12.0:compile
|  |  +- org.apache.curator:curator-recipes:jar:2.12.0:compile
|  |  +- commons-cli:commons-cli:jar:1.2:compile
|  |  +- commons-daemon:commons-daemon:jar:1.0.13:compile
|  |  +- commons-net:commons-net:jar:3.6:compile
|  |  \- dnsjava:dnsjava:jar:2.1.7:compile
|  +- org.apache.ivy:ivy:jar:2.4.0:compile
|  +- org.apache.zookeeper:zookeeper:jar:3.4.14:compile
|  |  +- com.github.spotbugs:spotbugs-annotations:jar:3.1.9:compile
|  |  \- org.apache.yetus:audience-annotations:jar:0.5.0:compile
|  +- org.apache.curator:curator-framework:jar:2.12.0:compile
|  +- org.apache.curator:apache-curator:pom:2.12.0:compile
|  +- org.codehaus.groovy:groovy-all:jar:2.4.11:compile
|  +- com.fasterxml.jackson.core:jackson-annotations:jar:2.10.1:compile
|  +- com.fasterxml.jackson.core:jackson-core:jar:2.10.1:compile
|  +- com.fasterxml.jackson.core:jackson-databind:jar:2.10.1:compile
|  +- org.datanucleus:datanucleus-core:jar:4.1.17:compile
|  +- org.apache.calcite:calcite-core:jar:1.16.0:compile
|  |  +- org.apache.calcite:calcite-linq4j:jar:1.16.0:compile
|  |  +- commons-dbcp:commons-dbcp:jar:1.4:compile
|  |  |  \- commons-pool:commons-pool:jar:1.5.4:compile
|  |  +- com.esri.geometry:esri-geometry-api:jar:2.0.0:compile
|  |  +- com.yahoo.datasketches:sketches-core:jar:0.9.0:compile
|  |  |  \- com.yahoo.datasketches:memory:jar:0.9.0:compile
|  |  +- org.codehaus.janino:janino:jar:2.7.6:compile
|  |  \- org.codehaus.janino:commons-compiler:jar:2.7.6:compile
|  +- org.apache.calcite:calcite-druid:jar:1.16.0:compile
|  |  \- joda-time:joda-time:jar:2.5:compile
|  +- org.apache.calcite.avatica:avatica:jar:1.11.0:compile
|  +- com.google.code.gson:gson:jar:2.2.4:compile
|  +- stax:stax-api:jar:1.0.1:compile
|  \- org.apache.hive:hive-upgrade-acid:jar:3.1.2:compile
+- org.apache.thrift:libfb303:jar:0.9.3:compile
|  \- org.apache.thrift:libthrift:jar:0.9.3:compile
|     +- org.apache.httpcomponents:httpclient:jar:4.5.3:compile
|     \- org.apache.httpcomponents:httpcore:jar:4.4.6:compile
+- org.slf4j:slf4j-api:jar:1.7.15:provided
+- com.google.code.findbugs:jsr305:jar:1.3.9:provided
+- org.apache.flink:flink-test-utils-junit:jar:1.11-byted-SNAPSHOT:test
+- org.apache.flink:force-shading:jar:1.11-byted-SNAPSHOT:compile
+- junit:junit:jar:4.12:test
|  \- org.hamcrest:hamcrest-core:jar:1.3:test
+- org.mockito:mockito-core:jar:2.21.0:test
|  +- net.bytebuddy:byte-buddy:jar:1.8.15:test
|  +- net.bytebuddy:byte-buddy-agent:jar:1.8.15:test
|  \- org.objenesis:objenesis:jar:2.1:test
+- org.powermock:powermock-module-junit4:jar:2.0.4:test
|  \- org.powermock:powermock-module-junit4-common:jar:2.0.4:test
|     +- org.powermock:powermock-reflect:jar:2.0.4:test
|     \- org.powermock:powermock-core:jar:2.0.4:test
|        \- org.javassist:javassist:jar:3.24.0-GA:test
+- org.powermock:powermock-api-mockito2:jar:2.0.4:test
|  \- org.powermock:powermock-api-support:jar:2.0.4:test
+- org.hamcrest:hamcrest-all:jar:1.3:test
+- org.apache.logging.log4j:log4j-slf4j-impl:jar:2.15.0:test
+- org.apache.logging.log4j:log4j-api:jar:2.15.0:test
+- org.apache.logging.log4j:log4j-core:jar:2.15.0:test
\- org.apache.logging.log4j:log4j-1.2-api:jar:2.15.0:test
